2020-11-29_205142.jpg
/home/pi/Hextronics/landingPadCaptures/
/home/pi/Hextronics/landingPadCaptures/2020-11-29_205142.jpg
2020-11-29_205142.jpg
/home/pi/Hextronics/landingPadCaptures/
/home/pi/Hextronics/landingPadCaptures/2020-11-29_205142.jpg
Steppers Enabled!
on my way!
Arrived!
Steppers Enabled!
on my way!
Arrived!
Steppers Enabled!
on my way!
Arrived!
Steppers Enabled!
on my way!
Arrived!
Steppers Enabled!
on my way!
Arrived!
Steppers Enabled!
on my way!
Arrived!
Steppers Enabled!
on my way!
Arrived!
Steppers Enabled!
on my way!
Arrived!
Steppers Enabled!
on my way!
Arrived!
Steppers Enabled!
on my way!
Arrived!
Steppers Enabled!
on my way!
Arrived!
Steppers Enabled!
Going to Zero!
All Zeroed!
Sending out the Pad!
138307
138307
Roofs Done!
Arrived!
tepprnbldon ya!

2020-11-29_205142.jpg
/home/pi/Hextronics/landingPadCaptures/
/home/pi/Hextronics/landingPadCaptures/2020-11-29_205142.jpg
2020-11-29_205142.jpg
/home/pi/Hextronics/landingPadCaptures/
/home/pi/Hextronics/landingPadCaptures/2020-11-29_205142.jpg
Steppers Enabled!
on my way!
Arrived!
Steppers Enabled!
on my way!
Arrived!
Steppers Enabled!
on my way!
Arrived!
Steppers Enabled!
on my way!
Arrived!
Steppers Enabled!
on my way!
Arrived!
Steppers Enabled!
on my way!
Arrived!
Steppers Enabled!
on my way!
Arrived!
Steppers Enabled!
on my way!
Arrived!
Steppers Enabled!
on my way!
Arrived!
Steppers Enabled!
on my way!
Arrived!
Steppers Enabled!
on my way!
Arrived!
Steppers Enabled!
Going to Zero!
All Zeroed!
Sending out the Pad!
162783
162783
Roofs Done!
Arrived!
2020-11-29_205142.jpg
/home/pi/Hextronics/landingPadCaptures/
/home/pi/Hextronics/landingPadCaptures/2020-11-29_205142.jpg
2020-11-29_205142.jpg
/home/pi/Hextronics/landingPadCaptures/
/home/pi/Hextronics/landingPadCaptures/2020-11-29_205142.jpg
2020-11-29_205142.jpg
/home/pi/Hextronics/landingPadCaptures/
/home/pi/Hextronics/landingPadCaptures/2020-11-29_205142.jpg
Steppers Enabled!
on my way!
Arrived!
Steppers Enabled!
on my way!
Arrived!
Steppers Enabled!
on my way!
Arrived!
Steppers Enabled!
on my way!
Arrived!
Steppers Enabled!
on my way!
Arrived!
Sending out the Pad!
48077
48077
Roofs Done!
Arrived!
Steppers Enabled!
Going to Zero!
All Zeroed!
J1 traveled: 107
J2 traveled: -103
J3 traveled: 92
J4 traveled: -109
Arrived!
2020-12-06_220847.jpg
We're just chillin.
2020-12-06_220850.jpg
We're just chillin.
2020-12-06_220854.jpg
We're just chillin.
2020-12-06_220858.jpg
We're just chillin.
2020-12-06_220902.jpg
We're just chillin.
2020-12-06_220905.jpg
We're just chillin.
2020-12-06_220909.jpg
We're just chillin.
2020-12-06_220913.jpg
We're just chillin.
2020-12-06_220917.jpg
We're just chillin.
2020-12-06_220921.jpg
We're just chillin.
2020-12-06_220925.jpg
We're just chillin.
2020-12-06_220928.jpg
We're just chillin.
2020-12-06_220932.jpg
We're just chillin.
2020-12-06_220936.jpg
We're just chillin.
2020-12-06_220940.jpg
We're just chillin.
2020-12-06_220943.jpg
We're just chillin.
2020-12-06_220947.jpg
We're just chillin.
2020-12-06_220951.jpg
We're just chillin.
2020-12-06_220957.jpg
We're just chillin.
2020-12-06_221001.jpg
We're just chillin.
2020-12-06_221005.jpg
Something's on the pad!
It Stopped Moving!
Drone Landed!
Bringing in the Pad!
161530
Roofs Done!
Arrived!
Scanning!
./serialWrite.py moveto_0_420_90
2020-12-06_221018.jpg
[nan nan]
(False, 0, 0, 0)
Didn't find it at position: 0_420_90
./serialWrite.py moveto_0_350_90
2020-12-06_221026.jpg
[ 904.60204696 1008.27031908]
(True, -3.0, 2.0, 174.29665777852483)
Found it around here: 0_350_90
2020-12-06_221034.jpg
[1027.61361794 1026.53417995]
Steppers Enabled!
Arrived!
2020-11-29_205142.jpg
/home/pi/Hextronics/landingPadCaptures/
/home/pi/Hextronics/landingPadCaptures/2020-11-29_205142.jpg
2020-11-29_205142.jpg
/home/pi/Hextronics/landingPadCaptures/
/home/pi/Hextronics/landingPadCaptures/2020-11-29_205142.jpg
2020-11-29_205142.jpg
/home/pi/Hextronics/landingPadCaptures/
/home/pi/Hextronics/landingPadCaptures/2020-11-29_205142.jpg

/home/pi/Hextronics/landingPadCaptures/
/home/pi/Hextronics/landingPadCaptures/

/home/pi/Hextronics/landingPadCaptures/
/home/pi/Hextronics/landingPadCaptures/

/home/pi/Hextronics/landingPadCaptures/
/home/pi/Hextronics/landingPadCaptures/
Steppers Enabled!
on my way!
Arrived!
Steppers Enabled!
on my way!
Arrived!
Steppers Enabled!
on my way!
Arrived!
Steppers Enabled!
on my way!
Arrived!

/home/pi/Hextronics/landingPadCaptures/
/home/pi/Hextronics/landingPadCaptures/

/home/pi/Hextronics/landingPadCaptures/
/home/pi/Hextronics/landingPadCaptures/

/home/pi/Hextronics/landingPadCaptures/
/home/pi/Hextronics/landingPadCaptures/
Steppers Enabled!
on my way!
Arrived!
Steppers Enabled!
on my way!
Arrived!
Steppers Enabled!
on my way!
Arrived!
Steppers Enabled!
on my way!
Arrived!
Steppers Enabled!
on my way!
Arrived!
Steppers Enabled!
on my way!
Arrived!
Steppers Enabled!
on my way!
Arrived!
Steppers Enabled!
on my way!
Arrived!
Steppers Enabled!
on my way!
Arrived!
Steppers Enabled!
on my way!
Arrived!
Steppers Enabled!
on my way!
Arrived!
Steppers Enabled!
Going to Zero!
All Zeroed!
Sending out the Pad!
765655
765655
Roofs Done!
Arrived!

/home/pi/Hextronics/landingPadCaptures/
/home/pi/Hextronics/landingPadCaptures/

/home/pi/Hextronics/landingPadCaptures/
/home/pi/Hextronics/landingPadCaptures/

/home/pi/Hextronics/landingPadCaptures/
/home/pi/Hextronics/landingPadCaptures/
Steppers Enabled!
on my way!
Arrived!
Steppers Enabled!
on my way!
Arrived!
Steppers Enabled!
on my way!
Arrived!
Steppers Enabled!
on my way!
Arrived!
Steppers Enabled!
on my way!
Arrived!
Steppers Enabled!
on my way!
Arrived!
Steppers Enabled!
on my way!
Arrived!
Steppers Enabled!
on my way!
Arrived!
Steppers Enabled!
on my way!
Arrived!
Steppers Enabled!
on my way!
Arrived!
Steppers Enabled!
on my way!
Arrived!
Steppers Enabled!
Going to Zero!
All Zeroed!
Sending out the Pad!
380189
380189
Roofs Done!
Arrived!
Steppers Enabled!
on my way!
Arrived!
tpesEaldo yway
ie
Steppers Disabled!
Steppers Enabled!
on my way!
Arrived!
Steppers Enabled!
on my way!
Arrived!
Steppers Enabled!
on my way!
Arrived!
Steppers Enabled!
on my way!
Arrived!
Steppers Enabled!
on my way!
Arrived!

/home/pi/Hextronics/landingPadCaptures/
/home/pi/Hextronics/landingPadCaptures/

/home/pi/Hextronics/landingPadCaptures/
/home/pi/Hextronics/landingPadCaptures/

/home/pi/Hextronics/landingPadCaptures/
/home/pi/Hextronics/landingPadCaptures/
Steppers Enabled!
on my way!
Arrived!
Steppers Enabled!
on my way!
Arrived!
Steppers Enabled!
on my way!
Arrived!
Steppers Enabled!
on my way!
Arrived!
Steppers Enabled!
on my way!
Arrived!
Steppers Enabled!
on my way!
Arrived!
Steppers Enabled!
on my way!
Arrived!
Steppers Enabled!
on my way!
Arrived!
Steppers Enabled!
on my way!
Arrived!
Steppers Enabled!
on my way!
Arrived!
Steppers Enabled!
on my way!
Arrived!
Steppers Enabled!
Going to Zero!
All Zeroed!
Sending out the Pad!
225614
225614
Roofs Done!
Arrived!

/home/pi/Hextronics/landingPadCaptures/
/home/pi/Hextronics/landingPadCaptures/

/home/pi/Hextronics/landingPadCaptures/
/home/pi/Hextronics/landingPadCaptures/

/home/pi/Hextronics/landingPadCaptures/
/home/pi/Hextronics/landingPadCaptures/
Steppers Enabled!
on my way!
Arrived!
Steppers Enabled!
on my way!
Arrived!
Steppers Enabled!
on my way!
Arrived!
Steppers Enabled!
on my way!
Arrived!
Steppers Enabled!
on my way!
Arrived!
Steppers Enabled!
on my way!
Arrived!

/home/pi/Hextronics/landingPadCaptures/
/home/pi/Hextronics/landingPadCaptures/

/home/pi/Hextronics/landingPadCaptures/
/home/pi/Hextronics/landingPadCaptures/

/home/pi/Hextronics/landingPadCaptures/
/home/pi/Hextronics/landingPadCaptures/
Steppers Enabled!
on my way!
Arrived!
Steppers Enabled!
on my way!
Arrived!
Steppers Enabled!
on my way!
Arrived!
Steppers Enabled!
on my way!
Arrived!
Steppers Enabled!
on my way!
Arrived!
Steppers Enabled!
on my way!
Arrived!
Steppers Enabled!
on my way!
Arrived!
Steppers Enabled!
on my way!
Arrived!
Steppers Enabled!
on my way!
Arrived!
Steppers Enabled!
on my way!
Arrived!
Steppers Enabled!
on my way!
Arrived!
Steppers Enabled!
on my way!
Arrived!
Steppers Enabled!
on my way!
Arrived!
Steppers Enabled!
on my way!
Arrived!
Steppers Enabled!
on my way!
Arrived!
Steppers Enabled!
on my way!
Arrived!
Steppers Enabled!
on my way!
Arrived!
Steppers Enabled!
Going to Zero!
All Zeroed!
J1 traveled: 3236
J2 traveled: -3612
J3 traveled: 1351
J4 traveled: 0
Arrived!
Sending out the Pad!
226023
226023
Roofs Done!
Arrived!
Steppers Enabled!
on my way!
Arrived!
Steppers Enabled!
on my way!
Arrived!
Steppers Enabled!
on my way!
Arrived!

/home/pi/Hextronics/landingPadCaptures/
/home/pi/Hextronics/landingPadCaptures/

/home/pi/Hextronics/landingPadCaptures/
/home/pi/Hextronics/landingPadCaptures/

/home/pi/Hextronics/landingPadCaptures/
/home/pi/Hextronics/landingPadCaptures/
Steppers Enabled!
on my way!
Arrived!
Steppers Enabled!
on my way!
Arrived!
Steppers Enabled!
on my way!
Arrived!
Steppers Enabled!
on my way!
Arrived!
Steppers Enabled!
on my way!
Arrived!
Steppers Enabled!
on my way!
Arrived!
Steppers Enabled!
on my way!
Arrived!
Steppers Enabled!
on my way!
Arrived!
Steppers Enabled!
on my way!
Arrived!
Steppers Enabled!
on my way!
Arrived!
Steppers Enabled!
on my way!
Arrived!
Steppers Enabled!
on my way!
Steppers Disabled!
SnigottePd325045
Steppers Enabled!
on my way!
Arrived!
Sending out the Pad!
54367
54367
Roofs Done!
Arrived!
Opening Gripper!
Steppers Enabled!
Going to Zero!
All Zeroed!
J1 traveled: 103
J2 traveled: -104
J3 traveled: 93
J4 traveled: -97
Arrived!
2020-12-08_182036.jpg
We're just chillin.
2020-12-08_182043.jpg
We're just chillin.
2020-12-08_182050.jpg
Something's on the pad!
It Stopped Moving!
Drone Landed!
Bringing in the Pad!
118899
Roofs Done!
Arrived!
Scanning!
./serialWrite.py moveto_0_420_90
2020-12-08_182103.jpg
(False, 0, 0, 0)
Didn't find it at position: 0_420_90
./serialWrite.py moveto_0_400_90
2020-12-08_182111.jpg
(False, 0, 0, 0)
Didn't find it at position: 0_400_90
./serialWrite.py moveto_0_380_90
2020-12-08_182116.jpg
(False, 0, 0, 0)
Didn't find it at position: 0_380_90
./serialWrite.py moveto_0_350_90
2020-12-08_182124.jpg
(False, 0, 0, 0)
Didn't find it at position: 0_350_90
./serialWrite.py moveto_0_300_90
2020-12-08_182129.jpg
(False, 0, 0, 0)
Didn't find it at position: 0_300_90
./serialWrite.py moveto_-75_300_90
2020-12-08_182133.jpg
(False, 0, 0, 0)
Didn't find it at position: -75_300_90
./serialWrite.py moveto_-125_300_90
2020-12-08_182138.jpg
(False, 0, 0, 0)
Didn't find it at position: -125_300_90
./serialWrite.py moveto_-125_350_90
2020-12-08_182142.jpg
(True, -4.0, -14.0, 159.20331327461656)
Found it around here: -125_350_90
2020-12-08_182149.jpg
2020-12-08_182155.jpg
2020-12-08_182201.jpg
205
ofsDn!
rvdStepesEald
vd
rprDnArie!
Arrived!
Steppers Enabled!
on my way!
337969
337969
Roofs Done!
Arrived!
Steppers Enabled!
on my way!
Arrived!
Gripper Done
Arrived!
Steppers Enabled!
on my way!
Arrived!
Steppers Enabled!
on my way!
Arrived!
Steppers Enabled!
on my way!
Arrived!
Steppers Enabled!
on my way!
Arrived!
Steppers Enabled!
on my way!
Arrived!
Steppers Enabled!
on my way!
Arrived!
Gripper Done
Arrived!

/home/pi/Hextronics/landingPadCaptures/
/home/pi/Hextronics/landingPadCaptures/

/home/pi/Hextronics/landingPadCaptures/
/home/pi/Hextronics/landingPadCaptures/

/home/pi/Hextronics/landingPadCaptures/
/home/pi/Hextronics/landingPadCaptures/
Steppers Enabled!
on my way!
Arrived!
Steppers Enabled!
on my way!
Arrived!
Steppers Enabled!
on my way!
Arrived!
Steppers Enabled!
on my way!
Arrived!
Steppers Enabled!
on my way!
Arrived!
Steppers Enabled!
on my way!
Arrived!
Steppers Enabled!
on my way!
Arrived!
Steppers Enabled!
on my way!
Arrived!
Steppers Enabled!
on my way!
Arrived!
Steppers Enabled!
on my way!
Arrived!
Steppers Enabled!
Going to Zero!
All Zeroed!
J1 traveled: 3747
J2 traveled: -4629
J3 traveled: 1102
J4 traveled: 0
Arrived!
Sending out the Pad!
160877
160877
Roofs Done!
Arrived!
